<?xml version="1.0" encoding="UTF-8"?>
<!-- Generated by org.testng.reporters.JUnitReportReporter -->
<testsuite hostname="CNDPBHAVIK" name="testScripts.TestScripts_1" tests="4" failures="0" timestamp="21 Jul 2017 11:16:24 GMT" time="61.503" errors="0">
  <testcase name="testRegistraionWithValidData" time="14.924" classname="testScripts.TestScripts_1"/>
  <testcase name="testRegistraionWithValidData" time="17.117" classname="testScripts.TestScripts_1"/>
  <testcase name="testRegistraionWithValidData" time="14.421" classname="testScripts.TestScripts_1"/>
  <testcase name="testRegistraionWithValidData" time="15.041" classname="testScripts.TestScripts_1"/>
</testsuite> <!-- testScripts.TestScripts_1 -->
