<?xml version="1.0" encoding="UTF-8"?>
<!-- Generated by org.testng.reporters.JUnitReportReporter -->
<testsuite hostname="CNDPBHAVIK" name="testScripts.TestScripts" tests="1" failures="0" timestamp="21 Jul 2017 13:11:14 GMT" time="61.304" errors="0">
  <testcase name="testRegistraionWithValidData" time="61.304" classname="testScripts.TestScripts"/>
</testsuite> <!-- testScripts.TestScripts -->
