<?xml version="1.0" encoding="UTF-8"?>
<!-- Generated by org.testng.reporters.JUnitReportReporter -->
<testsuite hostname="CNDPBHAVIK" name="testScripts.TestScripts_1" tests="4" failures="0" timestamp="25 Jul 2017 12:25:56 GMT" time="61.271" errors="0">
  <testcase name="testRegistraionWithValidData" time="15.160" classname="testScripts.TestScripts_1"/>
  <testcase name="testRegistraionWithValidData" time="16.720" classname="testScripts.TestScripts_1"/>
  <testcase name="testRegistraionWithValidData" time="14.712" classname="testScripts.TestScripts_1"/>
  <testcase name="testRegistraionWithValidData" time="14.679" classname="testScripts.TestScripts_1"/>
</testsuite> <!-- testScripts.TestScripts_1 -->
