<?xml version="1.0" encoding="UTF-8"?>
<!-- Generated by org.testng.reporters.JUnitReportReporter -->
<testsuite hostname="CNDPBHAVIK" name="testScripts.TestScripts_1" tests="2" failures="0" timestamp="25 Jul 2017 13:55:02 GMT" time="30.334" errors="0">
  <testcase name="testRegistraionWithValidData" time="15.687" classname="testScripts.TestScripts_1"/>
  <testcase name="testRegistraionWithValidData" time="14.647" classname="testScripts.TestScripts_1"/>
</testsuite> <!-- testScripts.TestScripts_1 -->
