<?xml version="1.0" encoding="UTF-8"?>
<!-- Generated by org.testng.reporters.JUnitReportReporter -->
<testsuite hostname="CNDPBHAVIK" name="testScripts.TestScripts_1" tests="4" failures="4" timestamp="4 Aug 2017 09:00:18 GMT" time="0.000" errors="0">
  <testcase name="testRegistraionWithValidData" time="0.000" classname="testScripts.TestScripts_1">
    <failure type="org.openqa.selenium.WebDriverException" message="Failed to connect to binary FirefoxBinary(C:\Program Files\Mozilla Firefox\firefox.exe) on port 7055; process output follows: 
e&quot;:1495210271053,&quot;updateDate&quot;:1495210271053,&quot;applyBackgroundUpdates&quot;:1,&quot;skinnable&quot;:true,&quot;size&quot;:8207,&quot;sourceURI&quot;:null,&quot;releaseNotesURI&quot;:null,&quot;softDisabled&quot;:false,&quot;foreignInstall&quot;:false,&quot;hasBinaryComponents&quot;:false,&quot;strictCompatibility&quot;:true,&quot;locales&quot;:[],&quot;targetApplications&quot;:[{&quot;id&quot;:&quot;{ec8030f7-c20a-464f-9b0e-13a3a9e97384}&quot;,&quot;minVersion&quot;:&quot;53.0.2&quot;,&quot;maxVersion&quot;:&quot;53.0.2&quot;}],&quot;targetPlatforms&quot;:[],&quot;seen&quot;:true,&quot;dependencies&quot;:[],&quot;hasEmbeddedWebExtension&quot;:false,&quot;userPermissions&quot;:null}
1501837174710	addons.xpi	DEBUG	getModTime: Recursive scan of {972ce4c6-7e08-4474-a285-3208198ce6fd}
1501837174710	DeferredSave.extensions.json	DEBUG	Save changes
1501837174710	addons.xpi	DEBUG	Updating database with changes to installed add-ons
1501837174710	addons.xpi-utils	DEBUG	Updating add-on states
1501837174714	addons.xpi-utils	DEBUG	Writing add-ons list
1501837174717	addons.xpi	DEBUG	Registering manifest for C:\Program Files\Mozilla Firefox\browser\features\aushelper@mozilla.org.xpi
1501837174718	addons.xpi	DEBUG	Calling bootstrap method startup on aushelper@mozilla.org version 2.0
1501837174719	addons.xpi	DEBUG	Registering manifest for C:\Program Files\Mozilla Firefox\browser\features\e10srollout@mozilla.org.xpi
1501837174719	addons.xpi	DEBUG	Calling bootstrap method startup on e10srollout@mozilla.org version 1.14
1501837174720	addons.xpi	DEBUG	Registering manifest for C:\Program Files\Mozilla Firefox\browser\features\firefox@getpocket.com.xpi
1501837174720	addons.xpi	DEBUG	Calling bootstrap method startup on firefox@getpocket.com version 1.0.5
1501837174721	addons.xpi	DEBUG	Registering manifest for C:\Program Files\Mozilla Firefox\browser\features\webcompat@mozilla.org.xpi
1501837174721	addons.xpi	DEBUG	Calling bootstrap method startup on webcompat@mozilla.org version 1.0
1501837174723	addons.manager	DEBUG	Registering shutdown blocker for XPIProvider
1501837174724	addons.manager	DEBUG	Provider finished startup: XPIProvider
1501837174724	addons.manager	DEBUG	Starting provider: LightweightThemeManager
1501837174724	addons.manager	DEBUG	Registering shutdown blocker for LightweightThemeManager
1501837174724	addons.manager	DEBUG	Provider finished startup: LightweightThemeManager
1501837174725	addons.manager	DEBUG	Starting provider: GMPProvider
1501837174729	addons.manager	DEBUG	Registering shutdown blocker for GMPProvider
1501837174729	addons.manager	DEBUG	Provider finished startup: GMPProvider
1501837174729	addons.manager	DEBUG	Starting provider: PluginProvider
1501837174729	addons.manager	DEBUG	Registering shutdown blocker for PluginProvider
1501837174729	addons.manager	DEBUG	Provider finished startup: PluginProvider
1501837174729	addons.manager	DEBUG	Completed startup sequence
[GFX1]: Potential driver version mismatch ignored due to missing DLLs 0.0.0.0 and 0.0.0.0
1501837176304	addons.manager	DEBUG	Starting provider: &lt;unnamed-provider&gt;
1501837176304	addons.manager	DEBUG	Registering shutdown blocker for &lt;unnamed-provider&gt;
1501837176304	addons.manager	DEBUG	Provider finished startup: &lt;unnamed-provider&gt;
1501837176306	DeferredSave.extensions.json	DEBUG	Starting write
1501837176413	addons.repository	DEBUG	No addons.json found.
1501837176413	DeferredSave.addons.json	DEBUG	Save changes
1501837176416	DeferredSave.addons.json	DEBUG	Starting timer
1501837176463	addons.manager	DEBUG	Starting provider: PreviousExperimentProvider
1501837176463	addons.manager	DEBUG	Registering shutdown blocker for PreviousExperimentProvider
1501837176463	addons.manager	DEBUG	Provider finished startup: PreviousExperimentProvider
1501837176465	DeferredSave.extensions.json	DEBUG	Write succeeded
1501837176465	addons.xpi-utils	DEBUG	XPI Database saved, setting schema version preference to 19
1501837176468	DeferredSave.addons.json	DEBUG	Starting write
1501837176488	DeferredSave.addons.json	DEBUG	Write succeeded
Crash Annotation GraphicsCriticalError: |[C0][GFX1]: Potential driver version mismatch ignored due to missing DLLs 0.0.0.0 and 0.0.0.0 (t=1.0274) [GFX1]: Potential driver version mismatch ignored due to missing DLLs 0.0.0.0 and 0.0.0.0

Build info: version: &#039;2.53.1&#039;, revision: &#039;a36b8b1cd5757287168e54b817830adce9b0158d&#039;, time: &#039;2016-06-30 19:26:09&#039;
System info: host: &#039;CNDPBHAVIK&#039;, ip: &#039;172.25.248.79&#039;, os.name: &#039;Windows 7&#039;, os.arch: &#039;amd64&#039;, os.version: &#039;6.1&#039;, java.version: &#039;1.8.0_91&#039;
Driver info: driver.version: FirefoxDriver">
      <![CDATA[org.openqa.selenium.WebDriverException: Failed to connect to binary FirefoxBinary(C:\Program Files\Mozilla Firefox\firefox.exe) on port 7055; process output follows: 
e":1495210271053,"updateDate":1495210271053,"applyBackgroundUpdates":1,"skinnable":true,"size":8207,"sourceURI":null,"releaseNotesURI":null,"softDisabled":false,"foreignInstall":false,"hasBinaryComponents":false,"strictCompatibility":true,"locales":[],"targetApplications":[{"id":"{ec8030f7-c20a-464f-9b0e-13a3a9e97384}","minVersion":"53.0.2","maxVersion":"53.0.2"}],"targetPlatforms":[],"seen":true,"dependencies":[],"hasEmbeddedWebExtension":false,"userPermissions":null}
1501837174710	addons.xpi	DEBUG	getModTime: Recursive scan of {972ce4c6-7e08-4474-a285-3208198ce6fd}
1501837174710	DeferredSave.extensions.json	DEBUG	Save changes
1501837174710	addons.xpi	DEBUG	Updating database with changes to installed add-ons
1501837174710	addons.xpi-utils	DEBUG	Updating add-on states
1501837174714	addons.xpi-utils	DEBUG	Writing add-ons list
1501837174717	addons.xpi	DEBUG	Registering manifest for C:\Program Files\Mozilla Firefox\browser\features\aushelper@mozilla.org.xpi
1501837174718	addons.xpi	DEBUG	Calling bootstrap method startup on aushelper@mozilla.org version 2.0
1501837174719	addons.xpi	DEBUG	Registering manifest for C:\Program Files\Mozilla Firefox\browser\features\e10srollout@mozilla.org.xpi
1501837174719	addons.xpi	DEBUG	Calling bootstrap method startup on e10srollout@mozilla.org version 1.14
1501837174720	addons.xpi	DEBUG	Registering manifest for C:\Program Files\Mozilla Firefox\browser\features\firefox@getpocket.com.xpi
1501837174720	addons.xpi	DEBUG	Calling bootstrap method startup on firefox@getpocket.com version 1.0.5
1501837174721	addons.xpi	DEBUG	Registering manifest for C:\Program Files\Mozilla Firefox\browser\features\webcompat@mozilla.org.xpi
1501837174721	addons.xpi	DEBUG	Calling bootstrap method startup on webcompat@mozilla.org version 1.0
1501837174723	addons.manager	DEBUG	Registering shutdown blocker for XPIProvider
1501837174724	addons.manager	DEBUG	Provider finished startup: XPIProvider
1501837174724	addons.manager	DEBUG	Starting provider: LightweightThemeManager
1501837174724	addons.manager	DEBUG	Registering shutdown blocker for LightweightThemeManager
1501837174724	addons.manager	DEBUG	Provider finished startup: LightweightThemeManager
1501837174725	addons.manager	DEBUG	Starting provider: GMPProvider
1501837174729	addons.manager	DEBUG	Registering shutdown blocker for GMPProvider
1501837174729	addons.manager	DEBUG	Provider finished startup: GMPProvider
1501837174729	addons.manager	DEBUG	Starting provider: PluginProvider
1501837174729	addons.manager	DEBUG	Registering shutdown blocker for PluginProvider
1501837174729	addons.manager	DEBUG	Provider finished startup: PluginProvider
1501837174729	addons.manager	DEBUG	Completed startup sequence
[GFX1]: Potential driver version mismatch ignored due to missing DLLs 0.0.0.0 and 0.0.0.0
1501837176304	addons.manager	DEBUG	Starting provider: <unnamed-provider>
1501837176304	addons.manager	DEBUG	Registering shutdown blocker for <unnamed-provider>
1501837176304	addons.manager	DEBUG	Provider finished startup: <unnamed-provider>
1501837176306	DeferredSave.extensions.json	DEBUG	Starting write
1501837176413	addons.repository	DEBUG	No addons.json found.
1501837176413	DeferredSave.addons.json	DEBUG	Save changes
1501837176416	DeferredSave.addons.json	DEBUG	Starting timer
1501837176463	addons.manager	DEBUG	Starting provider: PreviousExperimentProvider
1501837176463	addons.manager	DEBUG	Registering shutdown blocker for PreviousExperimentProvider
1501837176463	addons.manager	DEBUG	Provider finished startup: PreviousExperimentProvider
1501837176465	DeferredSave.extensions.json	DEBUG	Write succeeded
1501837176465	addons.xpi-utils	DEBUG	XPI Database saved, setting schema version preference to 19
1501837176468	DeferredSave.addons.json	DEBUG	Starting write
1501837176488	DeferredSave.addons.json	DEBUG	Write succeeded
Crash Annotation GraphicsCriticalError: |[C0][GFX1]: Potential driver version mismatch ignored due to missing DLLs 0.0.0.0 and 0.0.0.0 (t=1.0274) [GFX1]: Potential driver version mismatch ignored due to missing DLLs 0.0.0.0 and 0.0.0.0

Build info: version: '2.53.1', revision: 'a36b8b1cd5757287168e54b817830adce9b0158d', time: '2016-06-30 19:26:09'
System info: host: 'CNDPBHAVIK', ip: '172.25.248.79', os.name: 'Windows 7', os.arch: 'amd64', os.version: '6.1', java.version: '1.8.0_91'
Driver info: driver.version: FirefoxDriver
	at org.openqa.selenium.firefox.internal.NewProfileExtensionConnection.start(NewProfileExtensionConnection.java:125)
	at org.openqa.selenium.firefox.FirefoxDriver.startClient(FirefoxDriver.java:271)
	at org.openqa.selenium.remote.RemoteWebDriver.<init>(RemoteWebDriver.java:119)
	at org.openqa.selenium.firefox.FirefoxDriver.<init>(FirefoxDriver.java:216)
	at org.openqa.selenium.firefox.FirefoxDriver.<init>(FirefoxDriver.java:211)
	at org.openqa.selenium.firefox.FirefoxDriver.<init>(FirefoxDriver.java:207)
	at org.openqa.selenium.firefox.FirefoxDriver.<init>(FirefoxDriver.java:120)
	at testBase.TestBase.selectBrowser(TestBase.java:47)
	at testBase.TestBase.init1(TestBase.java:33)
	at testScripts.TestScripts_1.beforeTest(TestScripts_1.java:33)
	at sun.reflect.NativeMethodAccessorImpl.invoke0(Native Method)
	at sun.reflect.NativeMethodAccessorImpl.invoke(Unknown Source)
	at sun.reflect.DelegatingMethodAccessorImpl.invoke(Unknown Source)
	at java.lang.reflect.Method.invoke(Unknown Source)
	at org.testng.internal.MethodInvocationHelper.invokeMethod(MethodInvocationHelper.java:80)
	at org.testng.internal.Invoker.invokeConfigurationMethod(Invoker.java:564)
	at org.testng.internal.Invoker.invokeConfigurations(Invoker.java:213)
	at org.testng.internal.Invoker.invokeConfigurations(Invoker.java:138)
	at org.testng.internal.TestMethodWorker.invokeBeforeClassMethods(TestMethodWorker.java:175)
	at org.testng.internal.TestMethodWorker.run(TestMethodWorker.java:107)
	at org.testng.TestRunner.privateRun(TestRunner.java:767)
	at org.testng.TestRunner.run(TestRunner.java:617)
	at org.testng.SuiteRunner.runTest(SuiteRunner.java:334)
	at org.testng.SuiteRunner.access$000(SuiteRunner.java:37)
	at org.testng.SuiteRunner$SuiteWorker.run(SuiteRunner.java:368)
	at org.testng.internal.thread.ThreadUtil$2.call(ThreadUtil.java:64)
	at java.util.concurrent.FutureTask.run(Unknown Source)
	at java.util.concurrent.ThreadPoolExecutor.runWorker(Unknown Source)
	at java.util.concurrent.ThreadPoolExecutor$Worker.run(Unknown Source)
	at java.lang.Thread.run(Unknown Source)
Caused by: org.openqa.selenium.firefox.NotConnectedException: Unable to connect to host 127.0.0.1 on port 7055 after 45000 ms. Firefox console output:
e":1495210271053,"updateDate":1495210271053,"applyBackgroundUpdates":1,"skinnable":true,"size":8207,"sourceURI":null,"releaseNotesURI":null,"softDisabled":false,"foreignInstall":false,"hasBinaryComponents":false,"strictCompatibility":true,"locales":[],"targetApplications":[{"id":"{ec8030f7-c20a-464f-9b0e-13a3a9e97384}","minVersion":"53.0.2","maxVersion":"53.0.2"}],"targetPlatforms":[],"seen":true,"dependencies":[],"hasEmbeddedWebExtension":false,"userPermissions":null}
1501837174710	addons.xpi	DEBUG	getModTime: Recursive scan of {972ce4c6-7e08-4474-a285-3208198ce6fd}
1501837174710	DeferredSave.extensions.json	DEBUG	Save changes
1501837174710	addons.xpi	DEBUG	Updating database with changes to installed add-ons
1501837174710	addons.xpi-utils	DEBUG	Updating add-on states
1501837174714	addons.xpi-utils	DEBUG	Writing add-ons list
1501837174717	addons.xpi	DEBUG	Registering manifest for C:\Program Files\Mozilla Firefox\browser\features\aushelper@mozilla.org.xpi
1501837174718	addons.xpi	DEBUG	Calling bootstrap method startup on aushelper@mozilla.org version 2.0
1501837174719	addons.xpi	DEBUG	Registering manifest for C:\Program Files\Mozilla Firefox\browser\features\e10srollout@mozilla.org.xpi
1501837174719	addons.xpi	DEBUG	Calling bootstrap method startup on e10srollout@mozilla.org version 1.14
1501837174720	addons.xpi	DEBUG	Registering manifest for C:\Program Files\Mozilla Firefox\browser\features\firefox@getpocket.com.xpi
1501837174720	addons.xpi	DEBUG	Calling bootstrap method startup on firefox@getpocket.com version 1.0.5
1501837174721	addons.xpi	DEBUG	Registering manifest for C:\Program Files\Mozilla Firefox\browser\features\webcompat@mozilla.org.xpi
1501837174721	addons.xpi	DEBUG	Calling bootstrap method startup on webcompat@mozilla.org version 1.0
1501837174723	addons.manager	DEBUG	Registering shutdown blocker for XPIProvider
1501837174724	addons.manager	DEBUG	Provider finished startup: XPIProvider
1501837174724	addons.manager	DEBUG	Starting provider: LightweightThemeManager
1501837174724	addons.manager	DEBUG	Registering shutdown blocker for LightweightThemeManager
1501837174724	addons.manager	DEBUG	Provider finished startup: LightweightThemeManager
1501837174725	addons.manager	DEBUG	Starting provider: GMPProvider
1501837174729	addons.manager	DEBUG	Registering shutdown blocker for GMPProvider
1501837174729	addons.manager	DEBUG	Provider finished startup: GMPProvider
1501837174729	addons.manager	DEBUG	Starting provider: PluginProvider
1501837174729	addons.manager	DEBUG	Registering shutdown blocker for PluginProvider
1501837174729	addons.manager	DEBUG	Provider finished startup: PluginProvider
1501837174729	addons.manager	DEBUG	Completed startup sequence
[GFX1]: Potential driver version mismatch ignored due to missing DLLs 0.0.0.0 and 0.0.0.0
1501837176304	addons.manager	DEBUG	Starting provider: <unnamed-provider>
1501837176304	addons.manager	DEBUG	Registering shutdown blocker for <unnamed-provider>
1501837176304	addons.manager	DEBUG	Provider finished startup: <unnamed-provider>
1501837176306	DeferredSave.extensions.json	DEBUG	Starting write
1501837176413	addons.repository	DEBUG	No addons.json found.
1501837176413	DeferredSave.addons.json	DEBUG	Save changes
1501837176416	DeferredSave.addons.json	DEBUG	Starting timer
1501837176463	addons.manager	DEBUG	Starting provider: PreviousExperimentProvider
1501837176463	addons.manager	DEBUG	Registering shutdown blocker for PreviousExperimentProvider
1501837176463	addons.manager	DEBUG	Provider finished startup: PreviousExperimentProvider
1501837176465	DeferredSave.extensions.json	DEBUG	Write succeeded
1501837176465	addons.xpi-utils	DEBUG	XPI Database saved, setting schema version preference to 19
1501837176468	DeferredSave.addons.json	DEBUG	Starting write
1501837176488	DeferredSave.addons.json	DEBUG	Write succeeded
Crash Annotation GraphicsCriticalError: |[C0][GFX1]: Potential driver version mismatch ignored due to missing DLLs 0.0.0.0 and 0.0.0.0 (t=1.0274) [GFX1]: Potential driver version mismatch ignored due to missing DLLs 0.0.0.0 and 0.0.0.0

	at org.openqa.selenium.firefox.internal.NewProfileExtensionConnection.start(NewProfileExtensionConnection.java:113)
	... 29 more
]]>
    </failure>
  </testcase> <!-- testRegistraionWithValidData -->
  <testcase name="testRegistraionWithValidData" time="0.000" classname="testScripts.TestScripts_1">
    <failure type="org.openqa.selenium.WebDriverException" message="Failed to connect to binary FirefoxBinary(C:\Program Files\Mozilla Firefox\firefox.exe) on port 7055; process output follows: 
e&quot;:1495210271053,&quot;updateDate&quot;:1495210271053,&quot;applyBackgroundUpdates&quot;:1,&quot;skinnable&quot;:true,&quot;size&quot;:8207,&quot;sourceURI&quot;:null,&quot;releaseNotesURI&quot;:null,&quot;softDisabled&quot;:false,&quot;foreignInstall&quot;:false,&quot;hasBinaryComponents&quot;:false,&quot;strictCompatibility&quot;:true,&quot;locales&quot;:[],&quot;targetApplications&quot;:[{&quot;id&quot;:&quot;{ec8030f7-c20a-464f-9b0e-13a3a9e97384}&quot;,&quot;minVersion&quot;:&quot;53.0.2&quot;,&quot;maxVersion&quot;:&quot;53.0.2&quot;}],&quot;targetPlatforms&quot;:[],&quot;seen&quot;:true,&quot;dependencies&quot;:[],&quot;hasEmbeddedWebExtension&quot;:false,&quot;userPermissions&quot;:null}
1501837174710	addons.xpi	DEBUG	getModTime: Recursive scan of {972ce4c6-7e08-4474-a285-3208198ce6fd}
1501837174710	DeferredSave.extensions.json	DEBUG	Save changes
1501837174710	addons.xpi	DEBUG	Updating database with changes to installed add-ons
1501837174710	addons.xpi-utils	DEBUG	Updating add-on states
1501837174714	addons.xpi-utils	DEBUG	Writing add-ons list
1501837174717	addons.xpi	DEBUG	Registering manifest for C:\Program Files\Mozilla Firefox\browser\features\aushelper@mozilla.org.xpi
1501837174718	addons.xpi	DEBUG	Calling bootstrap method startup on aushelper@mozilla.org version 2.0
1501837174719	addons.xpi	DEBUG	Registering manifest for C:\Program Files\Mozilla Firefox\browser\features\e10srollout@mozilla.org.xpi
1501837174719	addons.xpi	DEBUG	Calling bootstrap method startup on e10srollout@mozilla.org version 1.14
1501837174720	addons.xpi	DEBUG	Registering manifest for C:\Program Files\Mozilla Firefox\browser\features\firefox@getpocket.com.xpi
1501837174720	addons.xpi	DEBUG	Calling bootstrap method startup on firefox@getpocket.com version 1.0.5
1501837174721	addons.xpi	DEBUG	Registering manifest for C:\Program Files\Mozilla Firefox\browser\features\webcompat@mozilla.org.xpi
1501837174721	addons.xpi	DEBUG	Calling bootstrap method startup on webcompat@mozilla.org version 1.0
1501837174723	addons.manager	DEBUG	Registering shutdown blocker for XPIProvider
1501837174724	addons.manager	DEBUG	Provider finished startup: XPIProvider
1501837174724	addons.manager	DEBUG	Starting provider: LightweightThemeManager
1501837174724	addons.manager	DEBUG	Registering shutdown blocker for LightweightThemeManager
1501837174724	addons.manager	DEBUG	Provider finished startup: LightweightThemeManager
1501837174725	addons.manager	DEBUG	Starting provider: GMPProvider
1501837174729	addons.manager	DEBUG	Registering shutdown blocker for GMPProvider
1501837174729	addons.manager	DEBUG	Provider finished startup: GMPProvider
1501837174729	addons.manager	DEBUG	Starting provider: PluginProvider
1501837174729	addons.manager	DEBUG	Registering shutdown blocker for PluginProvider
1501837174729	addons.manager	DEBUG	Provider finished startup: PluginProvider
1501837174729	addons.manager	DEBUG	Completed startup sequence
[GFX1]: Potential driver version mismatch ignored due to missing DLLs 0.0.0.0 and 0.0.0.0
1501837176304	addons.manager	DEBUG	Starting provider: &lt;unnamed-provider&gt;
1501837176304	addons.manager	DEBUG	Registering shutdown blocker for &lt;unnamed-provider&gt;
1501837176304	addons.manager	DEBUG	Provider finished startup: &lt;unnamed-provider&gt;
1501837176306	DeferredSave.extensions.json	DEBUG	Starting write
1501837176413	addons.repository	DEBUG	No addons.json found.
1501837176413	DeferredSave.addons.json	DEBUG	Save changes
1501837176416	DeferredSave.addons.json	DEBUG	Starting timer
1501837176463	addons.manager	DEBUG	Starting provider: PreviousExperimentProvider
1501837176463	addons.manager	DEBUG	Registering shutdown blocker for PreviousExperimentProvider
1501837176463	addons.manager	DEBUG	Provider finished startup: PreviousExperimentProvider
1501837176465	DeferredSave.extensions.json	DEBUG	Write succeeded
1501837176465	addons.xpi-utils	DEBUG	XPI Database saved, setting schema version preference to 19
1501837176468	DeferredSave.addons.json	DEBUG	Starting write
1501837176488	DeferredSave.addons.json	DEBUG	Write succeeded
Crash Annotation GraphicsCriticalError: |[C0][GFX1]: Potential driver version mismatch ignored due to missing DLLs 0.0.0.0 and 0.0.0.0 (t=1.0274) [GFX1]: Potential driver version mismatch ignored due to missing DLLs 0.0.0.0 and 0.0.0.0

Build info: version: &#039;2.53.1&#039;, revision: &#039;a36b8b1cd5757287168e54b817830adce9b0158d&#039;, time: &#039;2016-06-30 19:26:09&#039;
System info: host: &#039;CNDPBHAVIK&#039;, ip: &#039;172.25.248.79&#039;, os.name: &#039;Windows 7&#039;, os.arch: &#039;amd64&#039;, os.version: &#039;6.1&#039;, java.version: &#039;1.8.0_91&#039;
Driver info: driver.version: FirefoxDriver">
      <![CDATA[org.openqa.selenium.WebDriverException: Failed to connect to binary FirefoxBinary(C:\Program Files\Mozilla Firefox\firefox.exe) on port 7055; process output follows: 
e":1495210271053,"updateDate":1495210271053,"applyBackgroundUpdates":1,"skinnable":true,"size":8207,"sourceURI":null,"releaseNotesURI":null,"softDisabled":false,"foreignInstall":false,"hasBinaryComponents":false,"strictCompatibility":true,"locales":[],"targetApplications":[{"id":"{ec8030f7-c20a-464f-9b0e-13a3a9e97384}","minVersion":"53.0.2","maxVersion":"53.0.2"}],"targetPlatforms":[],"seen":true,"dependencies":[],"hasEmbeddedWebExtension":false,"userPermissions":null}
1501837174710	addons.xpi	DEBUG	getModTime: Recursive scan of {972ce4c6-7e08-4474-a285-3208198ce6fd}
1501837174710	DeferredSave.extensions.json	DEBUG	Save changes
1501837174710	addons.xpi	DEBUG	Updating database with changes to installed add-ons
1501837174710	addons.xpi-utils	DEBUG	Updating add-on states
1501837174714	addons.xpi-utils	DEBUG	Writing add-ons list
1501837174717	addons.xpi	DEBUG	Registering manifest for C:\Program Files\Mozilla Firefox\browser\features\aushelper@mozilla.org.xpi
1501837174718	addons.xpi	DEBUG	Calling bootstrap method startup on aushelper@mozilla.org version 2.0
1501837174719	addons.xpi	DEBUG	Registering manifest for C:\Program Files\Mozilla Firefox\browser\features\e10srollout@mozilla.org.xpi
1501837174719	addons.xpi	DEBUG	Calling bootstrap method startup on e10srollout@mozilla.org version 1.14
1501837174720	addons.xpi	DEBUG	Registering manifest for C:\Program Files\Mozilla Firefox\browser\features\firefox@getpocket.com.xpi
1501837174720	addons.xpi	DEBUG	Calling bootstrap method startup on firefox@getpocket.com version 1.0.5
1501837174721	addons.xpi	DEBUG	Registering manifest for C:\Program Files\Mozilla Firefox\browser\features\webcompat@mozilla.org.xpi
1501837174721	addons.xpi	DEBUG	Calling bootstrap method startup on webcompat@mozilla.org version 1.0
1501837174723	addons.manager	DEBUG	Registering shutdown blocker for XPIProvider
1501837174724	addons.manager	DEBUG	Provider finished startup: XPIProvider
1501837174724	addons.manager	DEBUG	Starting provider: LightweightThemeManager
1501837174724	addons.manager	DEBUG	Registering shutdown blocker for LightweightThemeManager
1501837174724	addons.manager	DEBUG	Provider finished startup: LightweightThemeManager
1501837174725	addons.manager	DEBUG	Starting provider: GMPProvider
1501837174729	addons.manager	DEBUG	Registering shutdown blocker for GMPProvider
1501837174729	addons.manager	DEBUG	Provider finished startup: GMPProvider
1501837174729	addons.manager	DEBUG	Starting provider: PluginProvider
1501837174729	addons.manager	DEBUG	Registering shutdown blocker for PluginProvider
1501837174729	addons.manager	DEBUG	Provider finished startup: PluginProvider
1501837174729	addons.manager	DEBUG	Completed startup sequence
[GFX1]: Potential driver version mismatch ignored due to missing DLLs 0.0.0.0 and 0.0.0.0
1501837176304	addons.manager	DEBUG	Starting provider: <unnamed-provider>
1501837176304	addons.manager	DEBUG	Registering shutdown blocker for <unnamed-provider>
1501837176304	addons.manager	DEBUG	Provider finished startup: <unnamed-provider>
1501837176306	DeferredSave.extensions.json	DEBUG	Starting write
1501837176413	addons.repository	DEBUG	No addons.json found.
1501837176413	DeferredSave.addons.json	DEBUG	Save changes
1501837176416	DeferredSave.addons.json	DEBUG	Starting timer
1501837176463	addons.manager	DEBUG	Starting provider: PreviousExperimentProvider
1501837176463	addons.manager	DEBUG	Registering shutdown blocker for PreviousExperimentProvider
1501837176463	addons.manager	DEBUG	Provider finished startup: PreviousExperimentProvider
1501837176465	DeferredSave.extensions.json	DEBUG	Write succeeded
1501837176465	addons.xpi-utils	DEBUG	XPI Database saved, setting schema version preference to 19
1501837176468	DeferredSave.addons.json	DEBUG	Starting write
1501837176488	DeferredSave.addons.json	DEBUG	Write succeeded
Crash Annotation GraphicsCriticalError: |[C0][GFX1]: Potential driver version mismatch ignored due to missing DLLs 0.0.0.0 and 0.0.0.0 (t=1.0274) [GFX1]: Potential driver version mismatch ignored due to missing DLLs 0.0.0.0 and 0.0.0.0

Build info: version: '2.53.1', revision: 'a36b8b1cd5757287168e54b817830adce9b0158d', time: '2016-06-30 19:26:09'
System info: host: 'CNDPBHAVIK', ip: '172.25.248.79', os.name: 'Windows 7', os.arch: 'amd64', os.version: '6.1', java.version: '1.8.0_91'
Driver info: driver.version: FirefoxDriver
	at org.openqa.selenium.firefox.internal.NewProfileExtensionConnection.start(NewProfileExtensionConnection.java:125)
	at org.openqa.selenium.firefox.FirefoxDriver.startClient(FirefoxDriver.java:271)
	at org.openqa.selenium.remote.RemoteWebDriver.<init>(RemoteWebDriver.java:119)
	at org.openqa.selenium.firefox.FirefoxDriver.<init>(FirefoxDriver.java:216)
	at org.openqa.selenium.firefox.FirefoxDriver.<init>(FirefoxDriver.java:211)
	at org.openqa.selenium.firefox.FirefoxDriver.<init>(FirefoxDriver.java:207)
	at org.openqa.selenium.firefox.FirefoxDriver.<init>(FirefoxDriver.java:120)
	at testBase.TestBase.selectBrowser(TestBase.java:47)
	at testBase.TestBase.init1(TestBase.java:33)
	at testScripts.TestScripts_1.beforeTest(TestScripts_1.java:33)
	at sun.reflect.NativeMethodAccessorImpl.invoke0(Native Method)
	at sun.reflect.NativeMethodAccessorImpl.invoke(Unknown Source)
	at sun.reflect.DelegatingMethodAccessorImpl.invoke(Unknown Source)
	at java.lang.reflect.Method.invoke(Unknown Source)
	at org.testng.internal.MethodInvocationHelper.invokeMethod(MethodInvocationHelper.java:80)
	at org.testng.internal.Invoker.invokeConfigurationMethod(Invoker.java:564)
	at org.testng.internal.Invoker.invokeConfigurations(Invoker.java:213)
	at org.testng.internal.Invoker.invokeConfigurations(Invoker.java:138)
	at org.testng.internal.TestMethodWorker.invokeBeforeClassMethods(TestMethodWorker.java:175)
	at org.testng.internal.TestMethodWorker.run(TestMethodWorker.java:107)
	at org.testng.TestRunner.privateRun(TestRunner.java:767)
	at org.testng.TestRunner.run(TestRunner.java:617)
	at org.testng.SuiteRunner.runTest(SuiteRunner.java:334)
	at org.testng.SuiteRunner.access$000(SuiteRunner.java:37)
	at org.testng.SuiteRunner$SuiteWorker.run(SuiteRunner.java:368)
	at org.testng.internal.thread.ThreadUtil$2.call(ThreadUtil.java:64)
	at java.util.concurrent.FutureTask.run(Unknown Source)
	at java.util.concurrent.ThreadPoolExecutor.runWorker(Unknown Source)
	at java.util.concurrent.ThreadPoolExecutor$Worker.run(Unknown Source)
	at java.lang.Thread.run(Unknown Source)
Caused by: org.openqa.selenium.firefox.NotConnectedException: Unable to connect to host 127.0.0.1 on port 7055 after 45000 ms. Firefox console output:
e":1495210271053,"updateDate":1495210271053,"applyBackgroundUpdates":1,"skinnable":true,"size":8207,"sourceURI":null,"releaseNotesURI":null,"softDisabled":false,"foreignInstall":false,"hasBinaryComponents":false,"strictCompatibility":true,"locales":[],"targetApplications":[{"id":"{ec8030f7-c20a-464f-9b0e-13a3a9e97384}","minVersion":"53.0.2","maxVersion":"53.0.2"}],"targetPlatforms":[],"seen":true,"dependencies":[],"hasEmbeddedWebExtension":false,"userPermissions":null}
1501837174710	addons.xpi	DEBUG	getModTime: Recursive scan of {972ce4c6-7e08-4474-a285-3208198ce6fd}
1501837174710	DeferredSave.extensions.json	DEBUG	Save changes
1501837174710	addons.xpi	DEBUG	Updating database with changes to installed add-ons
1501837174710	addons.xpi-utils	DEBUG	Updating add-on states
1501837174714	addons.xpi-utils	DEBUG	Writing add-ons list
1501837174717	addons.xpi	DEBUG	Registering manifest for C:\Program Files\Mozilla Firefox\browser\features\aushelper@mozilla.org.xpi
1501837174718	addons.xpi	DEBUG	Calling bootstrap method startup on aushelper@mozilla.org version 2.0
1501837174719	addons.xpi	DEBUG	Registering manifest for C:\Program Files\Mozilla Firefox\browser\features\e10srollout@mozilla.org.xpi
1501837174719	addons.xpi	DEBUG	Calling bootstrap method startup on e10srollout@mozilla.org version 1.14
1501837174720	addons.xpi	DEBUG	Registering manifest for C:\Program Files\Mozilla Firefox\browser\features\firefox@getpocket.com.xpi
1501837174720	addons.xpi	DEBUG	Calling bootstrap method startup on firefox@getpocket.com version 1.0.5
1501837174721	addons.xpi	DEBUG	Registering manifest for C:\Program Files\Mozilla Firefox\browser\features\webcompat@mozilla.org.xpi
1501837174721	addons.xpi	DEBUG	Calling bootstrap method startup on webcompat@mozilla.org version 1.0
1501837174723	addons.manager	DEBUG	Registering shutdown blocker for XPIProvider
1501837174724	addons.manager	DEBUG	Provider finished startup: XPIProvider
1501837174724	addons.manager	DEBUG	Starting provider: LightweightThemeManager
1501837174724	addons.manager	DEBUG	Registering shutdown blocker for LightweightThemeManager
1501837174724	addons.manager	DEBUG	Provider finished startup: LightweightThemeManager
1501837174725	addons.manager	DEBUG	Starting provider: GMPProvider
1501837174729	addons.manager	DEBUG	Registering shutdown blocker for GMPProvider
1501837174729	addons.manager	DEBUG	Provider finished startup: GMPProvider
1501837174729	addons.manager	DEBUG	Starting provider: PluginProvider
1501837174729	addons.manager	DEBUG	Registering shutdown blocker for PluginProvider
1501837174729	addons.manager	DEBUG	Provider finished startup: PluginProvider
1501837174729	addons.manager	DEBUG	Completed startup sequence
[GFX1]: Potential driver version mismatch ignored due to missing DLLs 0.0.0.0 and 0.0.0.0
1501837176304	addons.manager	DEBUG	Starting provider: <unnamed-provider>
1501837176304	addons.manager	DEBUG	Registering shutdown blocker for <unnamed-provider>
1501837176304	addons.manager	DEBUG	Provider finished startup: <unnamed-provider>
1501837176306	DeferredSave.extensions.json	DEBUG	Starting write
1501837176413	addons.repository	DEBUG	No addons.json found.
1501837176413	DeferredSave.addons.json	DEBUG	Save changes
1501837176416	DeferredSave.addons.json	DEBUG	Starting timer
1501837176463	addons.manager	DEBUG	Starting provider: PreviousExperimentProvider
1501837176463	addons.manager	DEBUG	Registering shutdown blocker for PreviousExperimentProvider
1501837176463	addons.manager	DEBUG	Provider finished startup: PreviousExperimentProvider
1501837176465	DeferredSave.extensions.json	DEBUG	Write succeeded
1501837176465	addons.xpi-utils	DEBUG	XPI Database saved, setting schema version preference to 19
1501837176468	DeferredSave.addons.json	DEBUG	Starting write
1501837176488	DeferredSave.addons.json	DEBUG	Write succeeded
Crash Annotation GraphicsCriticalError: |[C0][GFX1]: Potential driver version mismatch ignored due to missing DLLs 0.0.0.0 and 0.0.0.0 (t=1.0274) [GFX1]: Potential driver version mismatch ignored due to missing DLLs 0.0.0.0 and 0.0.0.0

	at org.openqa.selenium.firefox.internal.NewProfileExtensionConnection.start(NewProfileExtensionConnection.java:113)
	... 29 more
]]>
    </failure>
  </testcase> <!-- testRegistraionWithValidData -->
  <testcase name="testRegistraionWithValidData" time="0.000" classname="testScripts.TestScripts_1">
    <failure type="org.openqa.selenium.WebDriverException" message="Failed to connect to binary FirefoxBinary(C:\Program Files\Mozilla Firefox\firefox.exe) on port 7055; process output follows: 
e&quot;:1495210271053,&quot;updateDate&quot;:1495210271053,&quot;applyBackgroundUpdates&quot;:1,&quot;skinnable&quot;:true,&quot;size&quot;:8207,&quot;sourceURI&quot;:null,&quot;releaseNotesURI&quot;:null,&quot;softDisabled&quot;:false,&quot;foreignInstall&quot;:false,&quot;hasBinaryComponents&quot;:false,&quot;strictCompatibility&quot;:true,&quot;locales&quot;:[],&quot;targetApplications&quot;:[{&quot;id&quot;:&quot;{ec8030f7-c20a-464f-9b0e-13a3a9e97384}&quot;,&quot;minVersion&quot;:&quot;53.0.2&quot;,&quot;maxVersion&quot;:&quot;53.0.2&quot;}],&quot;targetPlatforms&quot;:[],&quot;seen&quot;:true,&quot;dependencies&quot;:[],&quot;hasEmbeddedWebExtension&quot;:false,&quot;userPermissions&quot;:null}
1501837174710	addons.xpi	DEBUG	getModTime: Recursive scan of {972ce4c6-7e08-4474-a285-3208198ce6fd}
1501837174710	DeferredSave.extensions.json	DEBUG	Save changes
1501837174710	addons.xpi	DEBUG	Updating database with changes to installed add-ons
1501837174710	addons.xpi-utils	DEBUG	Updating add-on states
1501837174714	addons.xpi-utils	DEBUG	Writing add-ons list
1501837174717	addons.xpi	DEBUG	Registering manifest for C:\Program Files\Mozilla Firefox\browser\features\aushelper@mozilla.org.xpi
1501837174718	addons.xpi	DEBUG	Calling bootstrap method startup on aushelper@mozilla.org version 2.0
1501837174719	addons.xpi	DEBUG	Registering manifest for C:\Program Files\Mozilla Firefox\browser\features\e10srollout@mozilla.org.xpi
1501837174719	addons.xpi	DEBUG	Calling bootstrap method startup on e10srollout@mozilla.org version 1.14
1501837174720	addons.xpi	DEBUG	Registering manifest for C:\Program Files\Mozilla Firefox\browser\features\firefox@getpocket.com.xpi
1501837174720	addons.xpi	DEBUG	Calling bootstrap method startup on firefox@getpocket.com version 1.0.5
1501837174721	addons.xpi	DEBUG	Registering manifest for C:\Program Files\Mozilla Firefox\browser\features\webcompat@mozilla.org.xpi
1501837174721	addons.xpi	DEBUG	Calling bootstrap method startup on webcompat@mozilla.org version 1.0
1501837174723	addons.manager	DEBUG	Registering shutdown blocker for XPIProvider
1501837174724	addons.manager	DEBUG	Provider finished startup: XPIProvider
1501837174724	addons.manager	DEBUG	Starting provider: LightweightThemeManager
1501837174724	addons.manager	DEBUG	Registering shutdown blocker for LightweightThemeManager
1501837174724	addons.manager	DEBUG	Provider finished startup: LightweightThemeManager
1501837174725	addons.manager	DEBUG	Starting provider: GMPProvider
1501837174729	addons.manager	DEBUG	Registering shutdown blocker for GMPProvider
1501837174729	addons.manager	DEBUG	Provider finished startup: GMPProvider
1501837174729	addons.manager	DEBUG	Starting provider: PluginProvider
1501837174729	addons.manager	DEBUG	Registering shutdown blocker for PluginProvider
1501837174729	addons.manager	DEBUG	Provider finished startup: PluginProvider
1501837174729	addons.manager	DEBUG	Completed startup sequence
[GFX1]: Potential driver version mismatch ignored due to missing DLLs 0.0.0.0 and 0.0.0.0
1501837176304	addons.manager	DEBUG	Starting provider: &lt;unnamed-provider&gt;
1501837176304	addons.manager	DEBUG	Registering shutdown blocker for &lt;unnamed-provider&gt;
1501837176304	addons.manager	DEBUG	Provider finished startup: &lt;unnamed-provider&gt;
1501837176306	DeferredSave.extensions.json	DEBUG	Starting write
1501837176413	addons.repository	DEBUG	No addons.json found.
1501837176413	DeferredSave.addons.json	DEBUG	Save changes
1501837176416	DeferredSave.addons.json	DEBUG	Starting timer
1501837176463	addons.manager	DEBUG	Starting provider: PreviousExperimentProvider
1501837176463	addons.manager	DEBUG	Registering shutdown blocker for PreviousExperimentProvider
1501837176463	addons.manager	DEBUG	Provider finished startup: PreviousExperimentProvider
1501837176465	DeferredSave.extensions.json	DEBUG	Write succeeded
1501837176465	addons.xpi-utils	DEBUG	XPI Database saved, setting schema version preference to 19
1501837176468	DeferredSave.addons.json	DEBUG	Starting write
1501837176488	DeferredSave.addons.json	DEBUG	Write succeeded
Crash Annotation GraphicsCriticalError: |[C0][GFX1]: Potential driver version mismatch ignored due to missing DLLs 0.0.0.0 and 0.0.0.0 (t=1.0274) [GFX1]: Potential driver version mismatch ignored due to missing DLLs 0.0.0.0 and 0.0.0.0

Build info: version: &#039;2.53.1&#039;, revision: &#039;a36b8b1cd5757287168e54b817830adce9b0158d&#039;, time: &#039;2016-06-30 19:26:09&#039;
System info: host: &#039;CNDPBHAVIK&#039;, ip: &#039;172.25.248.79&#039;, os.name: &#039;Windows 7&#039;, os.arch: &#039;amd64&#039;, os.version: &#039;6.1&#039;, java.version: &#039;1.8.0_91&#039;
Driver info: driver.version: FirefoxDriver">
      <![CDATA[org.openqa.selenium.WebDriverException: Failed to connect to binary FirefoxBinary(C:\Program Files\Mozilla Firefox\firefox.exe) on port 7055; process output follows: 
e":1495210271053,"updateDate":1495210271053,"applyBackgroundUpdates":1,"skinnable":true,"size":8207,"sourceURI":null,"releaseNotesURI":null,"softDisabled":false,"foreignInstall":false,"hasBinaryComponents":false,"strictCompatibility":true,"locales":[],"targetApplications":[{"id":"{ec8030f7-c20a-464f-9b0e-13a3a9e97384}","minVersion":"53.0.2","maxVersion":"53.0.2"}],"targetPlatforms":[],"seen":true,"dependencies":[],"hasEmbeddedWebExtension":false,"userPermissions":null}
1501837174710	addons.xpi	DEBUG	getModTime: Recursive scan of {972ce4c6-7e08-4474-a285-3208198ce6fd}
1501837174710	DeferredSave.extensions.json	DEBUG	Save changes
1501837174710	addons.xpi	DEBUG	Updating database with changes to installed add-ons
1501837174710	addons.xpi-utils	DEBUG	Updating add-on states
1501837174714	addons.xpi-utils	DEBUG	Writing add-ons list
1501837174717	addons.xpi	DEBUG	Registering manifest for C:\Program Files\Mozilla Firefox\browser\features\aushelper@mozilla.org.xpi
1501837174718	addons.xpi	DEBUG	Calling bootstrap method startup on aushelper@mozilla.org version 2.0
1501837174719	addons.xpi	DEBUG	Registering manifest for C:\Program Files\Mozilla Firefox\browser\features\e10srollout@mozilla.org.xpi
1501837174719	addons.xpi	DEBUG	Calling bootstrap method startup on e10srollout@mozilla.org version 1.14
1501837174720	addons.xpi	DEBUG	Registering manifest for C:\Program Files\Mozilla Firefox\browser\features\firefox@getpocket.com.xpi
1501837174720	addons.xpi	DEBUG	Calling bootstrap method startup on firefox@getpocket.com version 1.0.5
1501837174721	addons.xpi	DEBUG	Registering manifest for C:\Program Files\Mozilla Firefox\browser\features\webcompat@mozilla.org.xpi
1501837174721	addons.xpi	DEBUG	Calling bootstrap method startup on webcompat@mozilla.org version 1.0
1501837174723	addons.manager	DEBUG	Registering shutdown blocker for XPIProvider
1501837174724	addons.manager	DEBUG	Provider finished startup: XPIProvider
1501837174724	addons.manager	DEBUG	Starting provider: LightweightThemeManager
1501837174724	addons.manager	DEBUG	Registering shutdown blocker for LightweightThemeManager
1501837174724	addons.manager	DEBUG	Provider finished startup: LightweightThemeManager
1501837174725	addons.manager	DEBUG	Starting provider: GMPProvider
1501837174729	addons.manager	DEBUG	Registering shutdown blocker for GMPProvider
1501837174729	addons.manager	DEBUG	Provider finished startup: GMPProvider
1501837174729	addons.manager	DEBUG	Starting provider: PluginProvider
1501837174729	addons.manager	DEBUG	Registering shutdown blocker for PluginProvider
1501837174729	addons.manager	DEBUG	Provider finished startup: PluginProvider
1501837174729	addons.manager	DEBUG	Completed startup sequence
[GFX1]: Potential driver version mismatch ignored due to missing DLLs 0.0.0.0 and 0.0.0.0
1501837176304	addons.manager	DEBUG	Starting provider: <unnamed-provider>
1501837176304	addons.manager	DEBUG	Registering shutdown blocker for <unnamed-provider>
1501837176304	addons.manager	DEBUG	Provider finished startup: <unnamed-provider>
1501837176306	DeferredSave.extensions.json	DEBUG	Starting write
1501837176413	addons.repository	DEBUG	No addons.json found.
1501837176413	DeferredSave.addons.json	DEBUG	Save changes
1501837176416	DeferredSave.addons.json	DEBUG	Starting timer
1501837176463	addons.manager	DEBUG	Starting provider: PreviousExperimentProvider
1501837176463	addons.manager	DEBUG	Registering shutdown blocker for PreviousExperimentProvider
1501837176463	addons.manager	DEBUG	Provider finished startup: PreviousExperimentProvider
1501837176465	DeferredSave.extensions.json	DEBUG	Write succeeded
1501837176465	addons.xpi-utils	DEBUG	XPI Database saved, setting schema version preference to 19
1501837176468	DeferredSave.addons.json	DEBUG	Starting write
1501837176488	DeferredSave.addons.json	DEBUG	Write succeeded
Crash Annotation GraphicsCriticalError: |[C0][GFX1]: Potential driver version mismatch ignored due to missing DLLs 0.0.0.0 and 0.0.0.0 (t=1.0274) [GFX1]: Potential driver version mismatch ignored due to missing DLLs 0.0.0.0 and 0.0.0.0

Build info: version: '2.53.1', revision: 'a36b8b1cd5757287168e54b817830adce9b0158d', time: '2016-06-30 19:26:09'
System info: host: 'CNDPBHAVIK', ip: '172.25.248.79', os.name: 'Windows 7', os.arch: 'amd64', os.version: '6.1', java.version: '1.8.0_91'
Driver info: driver.version: FirefoxDriver
	at org.openqa.selenium.firefox.internal.NewProfileExtensionConnection.start(NewProfileExtensionConnection.java:125)
	at org.openqa.selenium.firefox.FirefoxDriver.startClient(FirefoxDriver.java:271)
	at org.openqa.selenium.remote.RemoteWebDriver.<init>(RemoteWebDriver.java:119)
	at org.openqa.selenium.firefox.FirefoxDriver.<init>(FirefoxDriver.java:216)
	at org.openqa.selenium.firefox.FirefoxDriver.<init>(FirefoxDriver.java:211)
	at org.openqa.selenium.firefox.FirefoxDriver.<init>(FirefoxDriver.java:207)
	at org.openqa.selenium.firefox.FirefoxDriver.<init>(FirefoxDriver.java:120)
	at testBase.TestBase.selectBrowser(TestBase.java:47)
	at testBase.TestBase.init1(TestBase.java:33)
	at testScripts.TestScripts_1.beforeTest(TestScripts_1.java:33)
	at sun.reflect.NativeMethodAccessorImpl.invoke0(Native Method)
	at sun.reflect.NativeMethodAccessorImpl.invoke(Unknown Source)
	at sun.reflect.DelegatingMethodAccessorImpl.invoke(Unknown Source)
	at java.lang.reflect.Method.invoke(Unknown Source)
	at org.testng.internal.MethodInvocationHelper.invokeMethod(MethodInvocationHelper.java:80)
	at org.testng.internal.Invoker.invokeConfigurationMethod(Invoker.java:564)
	at org.testng.internal.Invoker.invokeConfigurations(Invoker.java:213)
	at org.testng.internal.Invoker.invokeConfigurations(Invoker.java:138)
	at org.testng.internal.TestMethodWorker.invokeBeforeClassMethods(TestMethodWorker.java:175)
	at org.testng.internal.TestMethodWorker.run(TestMethodWorker.java:107)
	at org.testng.TestRunner.privateRun(TestRunner.java:767)
	at org.testng.TestRunner.run(TestRunner.java:617)
	at org.testng.SuiteRunner.runTest(SuiteRunner.java:334)
	at org.testng.SuiteRunner.access$000(SuiteRunner.java:37)
	at org.testng.SuiteRunner$SuiteWorker.run(SuiteRunner.java:368)
	at org.testng.internal.thread.ThreadUtil$2.call(ThreadUtil.java:64)
	at java.util.concurrent.FutureTask.run(Unknown Source)
	at java.util.concurrent.ThreadPoolExecutor.runWorker(Unknown Source)
	at java.util.concurrent.ThreadPoolExecutor$Worker.run(Unknown Source)
	at java.lang.Thread.run(Unknown Source)
Caused by: org.openqa.selenium.firefox.NotConnectedException: Unable to connect to host 127.0.0.1 on port 7055 after 45000 ms. Firefox console output:
e":1495210271053,"updateDate":1495210271053,"applyBackgroundUpdates":1,"skinnable":true,"size":8207,"sourceURI":null,"releaseNotesURI":null,"softDisabled":false,"foreignInstall":false,"hasBinaryComponents":false,"strictCompatibility":true,"locales":[],"targetApplications":[{"id":"{ec8030f7-c20a-464f-9b0e-13a3a9e97384}","minVersion":"53.0.2","maxVersion":"53.0.2"}],"targetPlatforms":[],"seen":true,"dependencies":[],"hasEmbeddedWebExtension":false,"userPermissions":null}
1501837174710	addons.xpi	DEBUG	getModTime: Recursive scan of {972ce4c6-7e08-4474-a285-3208198ce6fd}
1501837174710	DeferredSave.extensions.json	DEBUG	Save changes
1501837174710	addons.xpi	DEBUG	Updating database with changes to installed add-ons
1501837174710	addons.xpi-utils	DEBUG	Updating add-on states
1501837174714	addons.xpi-utils	DEBUG	Writing add-ons list
1501837174717	addons.xpi	DEBUG	Registering manifest for C:\Program Files\Mozilla Firefox\browser\features\aushelper@mozilla.org.xpi
1501837174718	addons.xpi	DEBUG	Calling bootstrap method startup on aushelper@mozilla.org version 2.0
1501837174719	addons.xpi	DEBUG	Registering manifest for C:\Program Files\Mozilla Firefox\browser\features\e10srollout@mozilla.org.xpi
1501837174719	addons.xpi	DEBUG	Calling bootstrap method startup on e10srollout@mozilla.org version 1.14
1501837174720	addons.xpi	DEBUG	Registering manifest for C:\Program Files\Mozilla Firefox\browser\features\firefox@getpocket.com.xpi
1501837174720	addons.xpi	DEBUG	Calling bootstrap method startup on firefox@getpocket.com version 1.0.5
1501837174721	addons.xpi	DEBUG	Registering manifest for C:\Program Files\Mozilla Firefox\browser\features\webcompat@mozilla.org.xpi
1501837174721	addons.xpi	DEBUG	Calling bootstrap method startup on webcompat@mozilla.org version 1.0
1501837174723	addons.manager	DEBUG	Registering shutdown blocker for XPIProvider
1501837174724	addons.manager	DEBUG	Provider finished startup: XPIProvider
1501837174724	addons.manager	DEBUG	Starting provider: LightweightThemeManager
1501837174724	addons.manager	DEBUG	Registering shutdown blocker for LightweightThemeManager
1501837174724	addons.manager	DEBUG	Provider finished startup: LightweightThemeManager
1501837174725	addons.manager	DEBUG	Starting provider: GMPProvider
1501837174729	addons.manager	DEBUG	Registering shutdown blocker for GMPProvider
1501837174729	addons.manager	DEBUG	Provider finished startup: GMPProvider
1501837174729	addons.manager	DEBUG	Starting provider: PluginProvider
1501837174729	addons.manager	DEBUG	Registering shutdown blocker for PluginProvider
1501837174729	addons.manager	DEBUG	Provider finished startup: PluginProvider
1501837174729	addons.manager	DEBUG	Completed startup sequence
[GFX1]: Potential driver version mismatch ignored due to missing DLLs 0.0.0.0 and 0.0.0.0
1501837176304	addons.manager	DEBUG	Starting provider: <unnamed-provider>
1501837176304	addons.manager	DEBUG	Registering shutdown blocker for <unnamed-provider>
1501837176304	addons.manager	DEBUG	Provider finished startup: <unnamed-provider>
1501837176306	DeferredSave.extensions.json	DEBUG	Starting write
1501837176413	addons.repository	DEBUG	No addons.json found.
1501837176413	DeferredSave.addons.json	DEBUG	Save changes
1501837176416	DeferredSave.addons.json	DEBUG	Starting timer
1501837176463	addons.manager	DEBUG	Starting provider: PreviousExperimentProvider
1501837176463	addons.manager	DEBUG	Registering shutdown blocker for PreviousExperimentProvider
1501837176463	addons.manager	DEBUG	Provider finished startup: PreviousExperimentProvider
1501837176465	DeferredSave.extensions.json	DEBUG	Write succeeded
1501837176465	addons.xpi-utils	DEBUG	XPI Database saved, setting schema version preference to 19
1501837176468	DeferredSave.addons.json	DEBUG	Starting write
1501837176488	DeferredSave.addons.json	DEBUG	Write succeeded
Crash Annotation GraphicsCriticalError: |[C0][GFX1]: Potential driver version mismatch ignored due to missing DLLs 0.0.0.0 and 0.0.0.0 (t=1.0274) [GFX1]: Potential driver version mismatch ignored due to missing DLLs 0.0.0.0 and 0.0.0.0

	at org.openqa.selenium.firefox.internal.NewProfileExtensionConnection.start(NewProfileExtensionConnection.java:113)
	... 29 more
]]>
    </failure>
  </testcase> <!-- testRegistraionWithValidData -->
  <testcase name="testRegistraionWithValidData" time="0.000" classname="testScripts.TestScripts_1">
    <failure type="org.openqa.selenium.WebDriverException" message="Failed to connect to binary FirefoxBinary(C:\Program Files\Mozilla Firefox\firefox.exe) on port 7055; process output follows: 
e&quot;:1495210271053,&quot;updateDate&quot;:1495210271053,&quot;applyBackgroundUpdates&quot;:1,&quot;skinnable&quot;:true,&quot;size&quot;:8207,&quot;sourceURI&quot;:null,&quot;releaseNotesURI&quot;:null,&quot;softDisabled&quot;:false,&quot;foreignInstall&quot;:false,&quot;hasBinaryComponents&quot;:false,&quot;strictCompatibility&quot;:true,&quot;locales&quot;:[],&quot;targetApplications&quot;:[{&quot;id&quot;:&quot;{ec8030f7-c20a-464f-9b0e-13a3a9e97384}&quot;,&quot;minVersion&quot;:&quot;53.0.2&quot;,&quot;maxVersion&quot;:&quot;53.0.2&quot;}],&quot;targetPlatforms&quot;:[],&quot;seen&quot;:true,&quot;dependencies&quot;:[],&quot;hasEmbeddedWebExtension&quot;:false,&quot;userPermissions&quot;:null}
1501837174710	addons.xpi	DEBUG	getModTime: Recursive scan of {972ce4c6-7e08-4474-a285-3208198ce6fd}
1501837174710	DeferredSave.extensions.json	DEBUG	Save changes
1501837174710	addons.xpi	DEBUG	Updating database with changes to installed add-ons
1501837174710	addons.xpi-utils	DEBUG	Updating add-on states
1501837174714	addons.xpi-utils	DEBUG	Writing add-ons list
1501837174717	addons.xpi	DEBUG	Registering manifest for C:\Program Files\Mozilla Firefox\browser\features\aushelper@mozilla.org.xpi
1501837174718	addons.xpi	DEBUG	Calling bootstrap method startup on aushelper@mozilla.org version 2.0
1501837174719	addons.xpi	DEBUG	Registering manifest for C:\Program Files\Mozilla Firefox\browser\features\e10srollout@mozilla.org.xpi
1501837174719	addons.xpi	DEBUG	Calling bootstrap method startup on e10srollout@mozilla.org version 1.14
1501837174720	addons.xpi	DEBUG	Registering manifest for C:\Program Files\Mozilla Firefox\browser\features\firefox@getpocket.com.xpi
1501837174720	addons.xpi	DEBUG	Calling bootstrap method startup on firefox@getpocket.com version 1.0.5
1501837174721	addons.xpi	DEBUG	Registering manifest for C:\Program Files\Mozilla Firefox\browser\features\webcompat@mozilla.org.xpi
1501837174721	addons.xpi	DEBUG	Calling bootstrap method startup on webcompat@mozilla.org version 1.0
1501837174723	addons.manager	DEBUG	Registering shutdown blocker for XPIProvider
1501837174724	addons.manager	DEBUG	Provider finished startup: XPIProvider
1501837174724	addons.manager	DEBUG	Starting provider: LightweightThemeManager
1501837174724	addons.manager	DEBUG	Registering shutdown blocker for LightweightThemeManager
1501837174724	addons.manager	DEBUG	Provider finished startup: LightweightThemeManager
1501837174725	addons.manager	DEBUG	Starting provider: GMPProvider
1501837174729	addons.manager	DEBUG	Registering shutdown blocker for GMPProvider
1501837174729	addons.manager	DEBUG	Provider finished startup: GMPProvider
1501837174729	addons.manager	DEBUG	Starting provider: PluginProvider
1501837174729	addons.manager	DEBUG	Registering shutdown blocker for PluginProvider
1501837174729	addons.manager	DEBUG	Provider finished startup: PluginProvider
1501837174729	addons.manager	DEBUG	Completed startup sequence
[GFX1]: Potential driver version mismatch ignored due to missing DLLs 0.0.0.0 and 0.0.0.0
1501837176304	addons.manager	DEBUG	Starting provider: &lt;unnamed-provider&gt;
1501837176304	addons.manager	DEBUG	Registering shutdown blocker for &lt;unnamed-provider&gt;
1501837176304	addons.manager	DEBUG	Provider finished startup: &lt;unnamed-provider&gt;
1501837176306	DeferredSave.extensions.json	DEBUG	Starting write
1501837176413	addons.repository	DEBUG	No addons.json found.
1501837176413	DeferredSave.addons.json	DEBUG	Save changes
1501837176416	DeferredSave.addons.json	DEBUG	Starting timer
1501837176463	addons.manager	DEBUG	Starting provider: PreviousExperimentProvider
1501837176463	addons.manager	DEBUG	Registering shutdown blocker for PreviousExperimentProvider
1501837176463	addons.manager	DEBUG	Provider finished startup: PreviousExperimentProvider
1501837176465	DeferredSave.extensions.json	DEBUG	Write succeeded
1501837176465	addons.xpi-utils	DEBUG	XPI Database saved, setting schema version preference to 19
1501837176468	DeferredSave.addons.json	DEBUG	Starting write
1501837176488	DeferredSave.addons.json	DEBUG	Write succeeded
Crash Annotation GraphicsCriticalError: |[C0][GFX1]: Potential driver version mismatch ignored due to missing DLLs 0.0.0.0 and 0.0.0.0 (t=1.0274) [GFX1]: Potential driver version mismatch ignored due to missing DLLs 0.0.0.0 and 0.0.0.0

Build info: version: &#039;2.53.1&#039;, revision: &#039;a36b8b1cd5757287168e54b817830adce9b0158d&#039;, time: &#039;2016-06-30 19:26:09&#039;
System info: host: &#039;CNDPBHAVIK&#039;, ip: &#039;172.25.248.79&#039;, os.name: &#039;Windows 7&#039;, os.arch: &#039;amd64&#039;, os.version: &#039;6.1&#039;, java.version: &#039;1.8.0_91&#039;
Driver info: driver.version: FirefoxDriver">
      <![CDATA[org.openqa.selenium.WebDriverException: Failed to connect to binary FirefoxBinary(C:\Program Files\Mozilla Firefox\firefox.exe) on port 7055; process output follows: 
e":1495210271053,"updateDate":1495210271053,"applyBackgroundUpdates":1,"skinnable":true,"size":8207,"sourceURI":null,"releaseNotesURI":null,"softDisabled":false,"foreignInstall":false,"hasBinaryComponents":false,"strictCompatibility":true,"locales":[],"targetApplications":[{"id":"{ec8030f7-c20a-464f-9b0e-13a3a9e97384}","minVersion":"53.0.2","maxVersion":"53.0.2"}],"targetPlatforms":[],"seen":true,"dependencies":[],"hasEmbeddedWebExtension":false,"userPermissions":null}
1501837174710	addons.xpi	DEBUG	getModTime: Recursive scan of {972ce4c6-7e08-4474-a285-3208198ce6fd}
1501837174710	DeferredSave.extensions.json	DEBUG	Save changes
1501837174710	addons.xpi	DEBUG	Updating database with changes to installed add-ons
1501837174710	addons.xpi-utils	DEBUG	Updating add-on states
1501837174714	addons.xpi-utils	DEBUG	Writing add-ons list
1501837174717	addons.xpi	DEBUG	Registering manifest for C:\Program Files\Mozilla Firefox\browser\features\aushelper@mozilla.org.xpi
1501837174718	addons.xpi	DEBUG	Calling bootstrap method startup on aushelper@mozilla.org version 2.0
1501837174719	addons.xpi	DEBUG	Registering manifest for C:\Program Files\Mozilla Firefox\browser\features\e10srollout@mozilla.org.xpi
1501837174719	addons.xpi	DEBUG	Calling bootstrap method startup on e10srollout@mozilla.org version 1.14
1501837174720	addons.xpi	DEBUG	Registering manifest for C:\Program Files\Mozilla Firefox\browser\features\firefox@getpocket.com.xpi
1501837174720	addons.xpi	DEBUG	Calling bootstrap method startup on firefox@getpocket.com version 1.0.5
1501837174721	addons.xpi	DEBUG	Registering manifest for C:\Program Files\Mozilla Firefox\browser\features\webcompat@mozilla.org.xpi
1501837174721	addons.xpi	DEBUG	Calling bootstrap method startup on webcompat@mozilla.org version 1.0
1501837174723	addons.manager	DEBUG	Registering shutdown blocker for XPIProvider
1501837174724	addons.manager	DEBUG	Provider finished startup: XPIProvider
1501837174724	addons.manager	DEBUG	Starting provider: LightweightThemeManager
1501837174724	addons.manager	DEBUG	Registering shutdown blocker for LightweightThemeManager
1501837174724	addons.manager	DEBUG	Provider finished startup: LightweightThemeManager
1501837174725	addons.manager	DEBUG	Starting provider: GMPProvider
1501837174729	addons.manager	DEBUG	Registering shutdown blocker for GMPProvider
1501837174729	addons.manager	DEBUG	Provider finished startup: GMPProvider
1501837174729	addons.manager	DEBUG	Starting provider: PluginProvider
1501837174729	addons.manager	DEBUG	Registering shutdown blocker for PluginProvider
1501837174729	addons.manager	DEBUG	Provider finished startup: PluginProvider
1501837174729	addons.manager	DEBUG	Completed startup sequence
[GFX1]: Potential driver version mismatch ignored due to missing DLLs 0.0.0.0 and 0.0.0.0
1501837176304	addons.manager	DEBUG	Starting provider: <unnamed-provider>
1501837176304	addons.manager	DEBUG	Registering shutdown blocker for <unnamed-provider>
1501837176304	addons.manager	DEBUG	Provider finished startup: <unnamed-provider>
1501837176306	DeferredSave.extensions.json	DEBUG	Starting write
1501837176413	addons.repository	DEBUG	No addons.json found.
1501837176413	DeferredSave.addons.json	DEBUG	Save changes
1501837176416	DeferredSave.addons.json	DEBUG	Starting timer
1501837176463	addons.manager	DEBUG	Starting provider: PreviousExperimentProvider
1501837176463	addons.manager	DEBUG	Registering shutdown blocker for PreviousExperimentProvider
1501837176463	addons.manager	DEBUG	Provider finished startup: PreviousExperimentProvider
1501837176465	DeferredSave.extensions.json	DEBUG	Write succeeded
1501837176465	addons.xpi-utils	DEBUG	XPI Database saved, setting schema version preference to 19
1501837176468	DeferredSave.addons.json	DEBUG	Starting write
1501837176488	DeferredSave.addons.json	DEBUG	Write succeeded
Crash Annotation GraphicsCriticalError: |[C0][GFX1]: Potential driver version mismatch ignored due to missing DLLs 0.0.0.0 and 0.0.0.0 (t=1.0274) [GFX1]: Potential driver version mismatch ignored due to missing DLLs 0.0.0.0 and 0.0.0.0

Build info: version: '2.53.1', revision: 'a36b8b1cd5757287168e54b817830adce9b0158d', time: '2016-06-30 19:26:09'
System info: host: 'CNDPBHAVIK', ip: '172.25.248.79', os.name: 'Windows 7', os.arch: 'amd64', os.version: '6.1', java.version: '1.8.0_91'
Driver info: driver.version: FirefoxDriver
	at org.openqa.selenium.firefox.internal.NewProfileExtensionConnection.start(NewProfileExtensionConnection.java:125)
	at org.openqa.selenium.firefox.FirefoxDriver.startClient(FirefoxDriver.java:271)
	at org.openqa.selenium.remote.RemoteWebDriver.<init>(RemoteWebDriver.java:119)
	at org.openqa.selenium.firefox.FirefoxDriver.<init>(FirefoxDriver.java:216)
	at org.openqa.selenium.firefox.FirefoxDriver.<init>(FirefoxDriver.java:211)
	at org.openqa.selenium.firefox.FirefoxDriver.<init>(FirefoxDriver.java:207)
	at org.openqa.selenium.firefox.FirefoxDriver.<init>(FirefoxDriver.java:120)
	at testBase.TestBase.selectBrowser(TestBase.java:47)
	at testBase.TestBase.init1(TestBase.java:33)
	at testScripts.TestScripts_1.beforeTest(TestScripts_1.java:33)
	at sun.reflect.NativeMethodAccessorImpl.invoke0(Native Method)
	at sun.reflect.NativeMethodAccessorImpl.invoke(Unknown Source)
	at sun.reflect.DelegatingMethodAccessorImpl.invoke(Unknown Source)
	at java.lang.reflect.Method.invoke(Unknown Source)
	at org.testng.internal.MethodInvocationHelper.invokeMethod(MethodInvocationHelper.java:80)
	at org.testng.internal.Invoker.invokeConfigurationMethod(Invoker.java:564)
	at org.testng.internal.Invoker.invokeConfigurations(Invoker.java:213)
	at org.testng.internal.Invoker.invokeConfigurations(Invoker.java:138)
	at org.testng.internal.TestMethodWorker.invokeBeforeClassMethods(TestMethodWorker.java:175)
	at org.testng.internal.TestMethodWorker.run(TestMethodWorker.java:107)
	at org.testng.TestRunner.privateRun(TestRunner.java:767)
	at org.testng.TestRunner.run(TestRunner.java:617)
	at org.testng.SuiteRunner.runTest(SuiteRunner.java:334)
	at org.testng.SuiteRunner.access$000(SuiteRunner.java:37)
	at org.testng.SuiteRunner$SuiteWorker.run(SuiteRunner.java:368)
	at org.testng.internal.thread.ThreadUtil$2.call(ThreadUtil.java:64)
	at java.util.concurrent.FutureTask.run(Unknown Source)
	at java.util.concurrent.ThreadPoolExecutor.runWorker(Unknown Source)
	at java.util.concurrent.ThreadPoolExecutor$Worker.run(Unknown Source)
	at java.lang.Thread.run(Unknown Source)
Caused by: org.openqa.selenium.firefox.NotConnectedException: Unable to connect to host 127.0.0.1 on port 7055 after 45000 ms. Firefox console output:
e":1495210271053,"updateDate":1495210271053,"applyBackgroundUpdates":1,"skinnable":true,"size":8207,"sourceURI":null,"releaseNotesURI":null,"softDisabled":false,"foreignInstall":false,"hasBinaryComponents":false,"strictCompatibility":true,"locales":[],"targetApplications":[{"id":"{ec8030f7-c20a-464f-9b0e-13a3a9e97384}","minVersion":"53.0.2","maxVersion":"53.0.2"}],"targetPlatforms":[],"seen":true,"dependencies":[],"hasEmbeddedWebExtension":false,"userPermissions":null}
1501837174710	addons.xpi	DEBUG	getModTime: Recursive scan of {972ce4c6-7e08-4474-a285-3208198ce6fd}
1501837174710	DeferredSave.extensions.json	DEBUG	Save changes
1501837174710	addons.xpi	DEBUG	Updating database with changes to installed add-ons
1501837174710	addons.xpi-utils	DEBUG	Updating add-on states
1501837174714	addons.xpi-utils	DEBUG	Writing add-ons list
1501837174717	addons.xpi	DEBUG	Registering manifest for C:\Program Files\Mozilla Firefox\browser\features\aushelper@mozilla.org.xpi
1501837174718	addons.xpi	DEBUG	Calling bootstrap method startup on aushelper@mozilla.org version 2.0
1501837174719	addons.xpi	DEBUG	Registering manifest for C:\Program Files\Mozilla Firefox\browser\features\e10srollout@mozilla.org.xpi
1501837174719	addons.xpi	DEBUG	Calling bootstrap method startup on e10srollout@mozilla.org version 1.14
1501837174720	addons.xpi	DEBUG	Registering manifest for C:\Program Files\Mozilla Firefox\browser\features\firefox@getpocket.com.xpi
1501837174720	addons.xpi	DEBUG	Calling bootstrap method startup on firefox@getpocket.com version 1.0.5
1501837174721	addons.xpi	DEBUG	Registering manifest for C:\Program Files\Mozilla Firefox\browser\features\webcompat@mozilla.org.xpi
1501837174721	addons.xpi	DEBUG	Calling bootstrap method startup on webcompat@mozilla.org version 1.0
1501837174723	addons.manager	DEBUG	Registering shutdown blocker for XPIProvider
1501837174724	addons.manager	DEBUG	Provider finished startup: XPIProvider
1501837174724	addons.manager	DEBUG	Starting provider: LightweightThemeManager
1501837174724	addons.manager	DEBUG	Registering shutdown blocker for LightweightThemeManager
1501837174724	addons.manager	DEBUG	Provider finished startup: LightweightThemeManager
1501837174725	addons.manager	DEBUG	Starting provider: GMPProvider
1501837174729	addons.manager	DEBUG	Registering shutdown blocker for GMPProvider
1501837174729	addons.manager	DEBUG	Provider finished startup: GMPProvider
1501837174729	addons.manager	DEBUG	Starting provider: PluginProvider
1501837174729	addons.manager	DEBUG	Registering shutdown blocker for PluginProvider
1501837174729	addons.manager	DEBUG	Provider finished startup: PluginProvider
1501837174729	addons.manager	DEBUG	Completed startup sequence
[GFX1]: Potential driver version mismatch ignored due to missing DLLs 0.0.0.0 and 0.0.0.0
1501837176304	addons.manager	DEBUG	Starting provider: <unnamed-provider>
1501837176304	addons.manager	DEBUG	Registering shutdown blocker for <unnamed-provider>
1501837176304	addons.manager	DEBUG	Provider finished startup: <unnamed-provider>
1501837176306	DeferredSave.extensions.json	DEBUG	Starting write
1501837176413	addons.repository	DEBUG	No addons.json found.
1501837176413	DeferredSave.addons.json	DEBUG	Save changes
1501837176416	DeferredSave.addons.json	DEBUG	Starting timer
1501837176463	addons.manager	DEBUG	Starting provider: PreviousExperimentProvider
1501837176463	addons.manager	DEBUG	Registering shutdown blocker for PreviousExperimentProvider
1501837176463	addons.manager	DEBUG	Provider finished startup: PreviousExperimentProvider
1501837176465	DeferredSave.extensions.json	DEBUG	Write succeeded
1501837176465	addons.xpi-utils	DEBUG	XPI Database saved, setting schema version preference to 19
1501837176468	DeferredSave.addons.json	DEBUG	Starting write
1501837176488	DeferredSave.addons.json	DEBUG	Write succeeded
Crash Annotation GraphicsCriticalError: |[C0][GFX1]: Potential driver version mismatch ignored due to missing DLLs 0.0.0.0 and 0.0.0.0 (t=1.0274) [GFX1]: Potential driver version mismatch ignored due to missing DLLs 0.0.0.0 and 0.0.0.0

	at org.openqa.selenium.firefox.internal.NewProfileExtensionConnection.start(NewProfileExtensionConnection.java:113)
	... 29 more
]]>
    </failure>
  </testcase> <!-- testRegistraionWithValidData -->
</testsuite> <!-- testScripts.TestScripts_1 -->
