<?xml version="1.0" encoding="UTF-8"?>
<!-- Generated by org.testng.reporters.JUnitReportReporter -->
<testsuite hostname="CNDPBHAVIK" name="testScripts.TestScripts_1" tests="2" failures="0" timestamp="25 Jul 2017 13:50:39 GMT" time="74.689" errors="0">
  <testcase name="testRegistraionWithValidData" time="20.175" classname="testScripts.TestScripts_1"/>
  <testcase name="testRegistraionWithValidData" time="54.514" classname="testScripts.TestScripts_1"/>
</testsuite> <!-- testScripts.TestScripts_1 -->
